2022-11-02 13:30:26,066 [main] INFO Automation Testing - Test has started
2022-11-02 13:30:26,167 [main] INFO Automation Testing - Test Fail
2022-11-02 13:30:26,168 [main] INFO Automation Testing - Test has started
2022-11-02 13:30:26,185 [main] INFO Automation Testing - Test Fail
2022-11-02 13:30:26,187 [main] INFO Automation Testing - Test has started
2022-11-02 13:30:26,200 [main] INFO Automation Testing - Test Fail
2022-11-02 13:30:26,201 [main] INFO Automation Testing - Test has started
2022-11-02 13:30:26,216 [main] INFO Automation Testing - Test Fail
2022-11-02 13:30:26,218 [main] INFO Automation Testing - Test has started
2022-11-02 13:30:26,231 [main] INFO Automation Testing - Test Fail
2022-11-02 13:30:26,233 [main] INFO Automation Testing - Test has started
2022-11-02 13:30:26,242 [main] INFO Automation Testing - Test Fail
2022-11-02 13:30:26,487 [main] INFO Automation Testing - Test finished
2022-11-02 13:31:36,617 [TestNG-test=Chrome Test-1] INFO Automation Testing - Test has started
2022-11-02 13:31:36,729 [TestNG-test=Chrome Test-1] INFO Automation Testing - Test Fail
2022-11-02 13:31:36,731 [TestNG-test=Chrome Test-1] INFO Automation Testing - Test has started
2022-11-02 13:31:36,751 [TestNG-test=Chrome Test-1] INFO Automation Testing - Test Fail
2022-11-02 13:31:36,753 [TestNG-test=Chrome Test-1] INFO Automation Testing - Test has started
2022-11-02 13:31:36,768 [TestNG-test=Chrome Test-1] INFO Automation Testing - Test Fail
2022-11-02 13:31:36,770 [TestNG-test=Chrome Test-1] INFO Automation Testing - Test has started
2022-11-02 13:31:36,782 [TestNG-test=Chrome Test-1] INFO Automation Testing - Test Fail
2022-11-02 13:31:36,783 [TestNG-test=Chrome Test-1] INFO Automation Testing - Test has started
2022-11-02 13:31:36,793 [TestNG-test=Chrome Test-1] INFO Automation Testing - Test Fail
2022-11-02 13:31:36,794 [TestNG-test=Chrome Test-1] INFO Automation Testing - Test has started
2022-11-02 13:31:36,801 [TestNG-test=Chrome Test-1] INFO Automation Testing - Test Fail
2022-11-02 13:31:37,031 [main] INFO Automation Testing - Test finished
2022-11-02 13:31:37,050 [TestNG-test=Firefox Test-1] INFO Automation Testing - Test has started
2022-11-02 13:31:37,067 [TestNG-test=Firefox Test-1] INFO Automation Testing - Test Fail
2022-11-02 13:31:37,068 [TestNG-test=Firefox Test-1] INFO Automation Testing - Test has started
2022-11-02 13:31:37,079 [TestNG-test=Firefox Test-1] INFO Automation Testing - Test Fail
2022-11-02 13:31:37,080 [TestNG-test=Firefox Test-1] INFO Automation Testing - Test has started
2022-11-02 13:31:37,090 [TestNG-test=Firefox Test-1] INFO Automation Testing - Test Fail
2022-11-02 13:31:37,091 [TestNG-test=Firefox Test-1] INFO Automation Testing - Test has started
2022-11-02 13:31:37,099 [TestNG-test=Firefox Test-1] INFO Automation Testing - Test Fail
2022-11-02 13:31:37,100 [TestNG-test=Firefox Test-1] INFO Automation Testing - Test has started
2022-11-02 13:31:37,111 [TestNG-test=Firefox Test-1] INFO Automation Testing - Test Fail
2022-11-02 13:31:37,112 [TestNG-test=Firefox Test-1] INFO Automation Testing - Test has started
2022-11-02 13:31:37,121 [TestNG-test=Firefox Test-1] INFO Automation Testing - Test Fail
2022-11-02 13:31:37,143 [main] INFO Automation Testing - Test finished
2022-11-02 13:31:37,167 [TestNG-test=Edge Test-1] INFO Automation Testing - Test has started
2022-11-02 13:31:37,176 [TestNG-test=Edge Test-1] INFO Automation Testing - Test Fail
2022-11-02 13:31:37,177 [TestNG-test=Edge Test-1] INFO Automation Testing - Test has started
2022-11-02 13:31:37,185 [TestNG-test=Edge Test-1] INFO Automation Testing - Test Fail
2022-11-02 13:31:37,186 [TestNG-test=Edge Test-1] INFO Automation Testing - Test has started
2022-11-02 13:31:37,193 [TestNG-test=Edge Test-1] INFO Automation Testing - Test Fail
2022-11-02 13:31:37,194 [TestNG-test=Edge Test-1] INFO Automation Testing - Test has started
2022-11-02 13:31:37,201 [TestNG-test=Edge Test-1] INFO Automation Testing - Test Fail
2022-11-02 13:31:37,202 [TestNG-test=Edge Test-1] INFO Automation Testing - Test has started
2022-11-02 13:31:37,209 [TestNG-test=Edge Test-1] INFO Automation Testing - Test Fail
2022-11-02 13:31:37,209 [TestNG-test=Edge Test-1] INFO Automation Testing - Test has started
2022-11-02 13:31:37,215 [TestNG-test=Edge Test-1] INFO Automation Testing - Test Fail
2022-11-02 13:31:37,235 [main] INFO Automation Testing - Test finished
2022-11-02 13:42:19,208 [main] INFO Automation Testing - Test has started
2022-11-02 13:42:19,297 [main] INFO Automation Testing - Test Fail
2022-11-02 13:42:19,299 [main] INFO Automation Testing - Test has started
2022-11-02 13:42:19,312 [main] INFO Automation Testing - Test Fail
2022-11-02 13:42:19,314 [main] INFO Automation Testing - Test has started
2022-11-02 13:42:19,324 [main] INFO Automation Testing - Test Fail
2022-11-02 13:42:19,325 [main] INFO Automation Testing - Test has started
2022-11-02 13:42:19,333 [main] INFO Automation Testing - Test Fail
2022-11-02 13:42:19,334 [main] INFO Automation Testing - Test has started
2022-11-02 13:42:19,342 [main] INFO Automation Testing - Test Fail
2022-11-02 13:42:19,342 [main] INFO Automation Testing - Test has started
2022-11-02 13:42:19,349 [main] INFO Automation Testing - Test Fail
2022-11-02 13:42:19,572 [main] INFO Automation Testing - Test finished
2022-11-02 13:58:48,495 [main] INFO Automation Testing - Test has started
2022-11-02 13:58:48,582 [main] INFO Automation Testing - Test Fail
2022-11-02 13:58:48,584 [main] INFO Automation Testing - Test has started
2022-11-02 13:58:48,599 [main] INFO Automation Testing - Test Fail
2022-11-02 13:58:48,600 [main] INFO Automation Testing - Test has started
2022-11-02 13:58:48,612 [main] INFO Automation Testing - Test Fail
2022-11-02 13:58:48,612 [main] INFO Automation Testing - Test has started
2022-11-02 13:58:48,621 [main] INFO Automation Testing - Test Fail
2022-11-02 13:58:48,622 [main] INFO Automation Testing - Test has started
2022-11-02 13:58:48,630 [main] INFO Automation Testing - Test Fail
2022-11-02 13:58:48,631 [main] INFO Automation Testing - Test has started
2022-11-02 13:58:48,642 [main] INFO Automation Testing - Test Fail
2022-11-02 13:58:48,863 [main] INFO Automation Testing - Test finished
2022-11-02 14:10:58,955 [main] INFO Automation Testing - Test has started
2022-11-02 14:10:59,059 [main] INFO Automation Testing - Test Fail
2022-11-02 14:10:59,061 [main] INFO Automation Testing - Test has started
2022-11-02 14:10:59,078 [main] INFO Automation Testing - Test Fail
2022-11-02 14:10:59,080 [main] INFO Automation Testing - Test has started
2022-11-02 14:10:59,093 [main] INFO Automation Testing - Test Fail
2022-11-02 14:10:59,095 [main] INFO Automation Testing - Test has started
2022-11-02 14:10:59,105 [main] INFO Automation Testing - Test Fail
2022-11-02 14:10:59,106 [main] INFO Automation Testing - Test has started
2022-11-02 14:10:59,116 [main] INFO Automation Testing - Test Fail
2022-11-02 14:10:59,118 [main] INFO Automation Testing - Test has started
2022-11-02 14:10:59,126 [main] INFO Automation Testing - Test Fail
2022-11-02 14:10:59,385 [main] INFO Automation Testing - Test finished
2022-11-02 14:20:11,070 [main] INFO Automation Testing - Test has started
2022-11-02 14:20:11,179 [main] INFO Automation Testing - Test Fail
2022-11-02 14:20:11,180 [main] INFO Automation Testing - Test has started
2022-11-02 14:20:11,196 [main] INFO Automation Testing - Test Fail
2022-11-02 14:20:11,198 [main] INFO Automation Testing - Test has started
2022-11-02 14:20:11,210 [main] INFO Automation Testing - Test Fail
2022-11-02 14:20:11,211 [main] INFO Automation Testing - Test has started
2022-11-02 14:20:11,221 [main] INFO Automation Testing - Test Fail
2022-11-02 14:20:11,223 [main] INFO Automation Testing - Test has started
2022-11-02 14:20:11,235 [main] INFO Automation Testing - Test Fail
2022-11-02 14:20:11,236 [main] INFO Automation Testing - Test has started
2022-11-02 14:20:11,244 [main] INFO Automation Testing - Test Fail
2022-11-02 14:20:11,490 [main] INFO Automation Testing - Test finished
2022-11-02 19:00:45,182 [main] INFO Automation Testing - Test has started
2022-11-02 19:00:59,795 [main] INFO Automation Testing - Test is successful
2022-11-02 19:00:59,798 [main] INFO Automation Testing - Test has started
2022-11-02 19:01:15,573 [main] INFO Automation Testing - Test Fail
2022-11-02 19:01:15,577 [main] INFO Automation Testing - Test has started
2022-11-02 19:01:25,891 [main] INFO Automation Testing - Test is successful
2022-11-02 19:01:25,892 [main] INFO Automation Testing - Test has started
2022-11-02 19:01:44,816 [main] INFO Automation Testing - Test is successful
2022-11-02 19:01:44,819 [main] INFO Automation Testing - Test has started
2022-11-02 19:01:57,026 [main] INFO Automation Testing - Test is successful
2022-11-02 19:01:57,030 [main] INFO Automation Testing - Test has started
2022-11-02 19:02:16,793 [main] INFO Automation Testing - Test is successful
2022-11-02 19:02:17,675 [main] INFO Automation Testing - Test finished
2022-11-02 19:07:11,906 [main] INFO Automation Testing - Test has started
2022-11-02 19:07:18,013 [main] INFO Automation Testing - Test is successful
2022-11-02 19:07:18,015 [main] INFO Automation Testing - Test has started
2022-11-02 19:07:21,410 [main] INFO Automation Testing - Test is successful
2022-11-02 19:07:21,411 [main] INFO Automation Testing - Test has started
2022-11-02 19:07:35,210 [main] INFO Automation Testing - Test is successful
2022-11-02 19:07:35,212 [main] INFO Automation Testing - Test has started
2022-11-02 19:07:43,797 [main] INFO Automation Testing - Test is successful
2022-11-02 19:07:43,799 [main] INFO Automation Testing - Test has started
2022-11-02 19:09:16,932 [main] INFO Automation Testing - Test is successful
2022-11-02 19:09:16,935 [main] INFO Automation Testing - Test has started
2022-11-02 19:09:20,979 [main] INFO Automation Testing - Test is successful
2022-11-02 19:09:21,339 [main] INFO Automation Testing - Test finished
2022-11-02 19:13:13,598 [main] INFO Automation Testing - Test has started
2022-11-02 19:13:24,475 [main] INFO Automation Testing - Test is successful
2022-11-02 19:13:24,478 [main] INFO Automation Testing - Test has started
2022-11-02 19:13:40,537 [main] INFO Automation Testing - Test is successful
2022-11-02 19:13:40,540 [main] INFO Automation Testing - Test has started
2022-11-02 19:14:30,770 [main] INFO Automation Testing - Test is successful
2022-11-02 19:14:30,772 [main] INFO Automation Testing - Test has started
2022-11-02 19:14:39,936 [main] INFO Automation Testing - Test is successful
2022-11-02 19:14:39,937 [main] INFO Automation Testing - Test has started
2022-11-02 19:14:48,994 [main] INFO Automation Testing - Test is successful
2022-11-02 19:14:48,996 [main] INFO Automation Testing - Test has started
2022-11-02 19:15:31,052 [main] INFO Automation Testing - Test is successful
2022-11-02 19:15:31,655 [main] INFO Automation Testing - Test finished
2022-11-02 19:40:51,695 [TestNG-test=Chrome Test-1] INFO Automation Testing - Test has started
2022-11-02 19:40:51,815 [TestNG-test=Chrome Test-1] INFO Automation Testing - Test is successful
2022-11-02 19:40:51,817 [TestNG-test=Chrome Test-1] INFO Automation Testing - Test has started
2022-11-02 19:40:51,832 [TestNG-test=Chrome Test-1] INFO Automation Testing - Test is successful
2022-11-02 19:40:51,834 [TestNG-test=Chrome Test-1] INFO Automation Testing - Test has started
2022-11-02 19:40:51,846 [TestNG-test=Chrome Test-1] INFO Automation Testing - Test is successful
2022-11-02 19:40:51,848 [TestNG-test=Chrome Test-1] INFO Automation Testing - Test has started
2022-11-02 19:40:51,858 [TestNG-test=Chrome Test-1] INFO Automation Testing - Test is successful
2022-11-02 19:40:51,860 [TestNG-test=Chrome Test-1] INFO Automation Testing - Test has started
2022-11-02 19:40:51,869 [TestNG-test=Chrome Test-1] INFO Automation Testing - Test is successful
2022-11-02 19:40:51,870 [TestNG-test=Chrome Test-1] INFO Automation Testing - Test has started
2022-11-02 19:40:51,879 [TestNG-test=Chrome Test-1] INFO Automation Testing - Test is successful
2022-11-02 19:40:52,119 [main] INFO Automation Testing - Test finished
2022-11-02 19:40:52,144 [TestNG-test=Firefox Test-1] INFO Automation Testing - Test has started
2022-11-02 19:40:52,156 [TestNG-test=Firefox Test-1] INFO Automation Testing - Test is successful
2022-11-02 19:40:52,158 [TestNG-test=Firefox Test-1] INFO Automation Testing - Test has started
2022-11-02 19:40:52,170 [TestNG-test=Firefox Test-1] INFO Automation Testing - Test is successful
2022-11-02 19:40:52,171 [TestNG-test=Firefox Test-1] INFO Automation Testing - Test has started
2022-11-02 19:40:52,179 [TestNG-test=Firefox Test-1] INFO Automation Testing - Test is successful
2022-11-02 19:40:52,181 [TestNG-test=Firefox Test-1] INFO Automation Testing - Test has started
2022-11-02 19:40:52,190 [TestNG-test=Firefox Test-1] INFO Automation Testing - Test is successful
2022-11-02 19:40:52,191 [TestNG-test=Firefox Test-1] INFO Automation Testing - Test has started
2022-11-02 19:40:52,200 [TestNG-test=Firefox Test-1] INFO Automation Testing - Test is successful
2022-11-02 19:40:52,203 [TestNG-test=Firefox Test-1] INFO Automation Testing - Test has started
2022-11-02 19:40:52,214 [TestNG-test=Firefox Test-1] INFO Automation Testing - Test is successful
2022-11-02 19:40:52,242 [main] INFO Automation Testing - Test finished
2022-11-02 19:40:52,263 [TestNG-test=Edge Test-1] INFO Automation Testing - Test has started
2022-11-02 19:40:52,275 [TestNG-test=Edge Test-1] INFO Automation Testing - Test is successful
2022-11-02 19:40:52,275 [TestNG-test=Edge Test-1] INFO Automation Testing - Test has started
2022-11-02 19:40:52,285 [TestNG-test=Edge Test-1] INFO Automation Testing - Test is successful
2022-11-02 19:40:52,286 [TestNG-test=Edge Test-1] INFO Automation Testing - Test has started
2022-11-02 19:40:52,297 [TestNG-test=Edge Test-1] INFO Automation Testing - Test is successful
2022-11-02 19:40:52,298 [TestNG-test=Edge Test-1] INFO Automation Testing - Test has started
2022-11-02 19:40:52,304 [TestNG-test=Edge Test-1] INFO Automation Testing - Test is successful
2022-11-02 19:40:52,305 [TestNG-test=Edge Test-1] INFO Automation Testing - Test has started
2022-11-02 19:40:52,310 [TestNG-test=Edge Test-1] INFO Automation Testing - Test is successful
2022-11-02 19:40:52,311 [TestNG-test=Edge Test-1] INFO Automation Testing - Test has started
2022-11-02 19:40:52,316 [TestNG-test=Edge Test-1] INFO Automation Testing - Test is successful
2022-11-02 19:40:52,334 [main] INFO Automation Testing - Test finished
2022-11-02 19:54:57,973 [main] INFO Automation Testing - Test has started
2022-11-02 19:54:58,078 [main] INFO Automation Testing - Test is successful
2022-11-02 19:54:58,079 [main] INFO Automation Testing - Test has started
2022-11-02 19:54:58,093 [main] INFO Automation Testing - Test is successful
2022-11-02 19:54:58,094 [main] INFO Automation Testing - Test has started
2022-11-02 19:54:58,103 [main] INFO Automation Testing - Test is successful
2022-11-02 19:54:58,104 [main] INFO Automation Testing - Test has started
2022-11-02 19:54:58,111 [main] INFO Automation Testing - Test is successful
2022-11-02 19:54:58,112 [main] INFO Automation Testing - Test has started
2022-11-02 19:54:58,119 [main] INFO Automation Testing - Test is successful
2022-11-02 19:54:58,119 [main] INFO Automation Testing - Test has started
2022-11-02 19:54:58,125 [main] INFO Automation Testing - Test is successful
2022-11-02 19:54:58,427 [main] INFO Automation Testing - Test finished
2022-11-03 18:58:47,548 [main] INFO Automation Testing - Test has started
2022-11-03 18:58:55,652 [main] INFO Automation Testing - Test is successful
2022-11-03 18:58:55,657 [main] INFO Automation Testing - Test has started
2022-11-03 18:59:01,267 [main] INFO Automation Testing - Test is successful
2022-11-03 18:59:01,269 [main] INFO Automation Testing - Test has started
2022-11-03 18:59:22,893 [main] INFO Automation Testing - Test is successful
2022-11-03 18:59:22,897 [main] INFO Automation Testing - Test has started
2022-11-03 18:59:28,660 [main] INFO Automation Testing - Test is successful
2022-11-03 18:59:28,662 [main] INFO Automation Testing - Test has started
2022-11-03 18:59:47,993 [main] INFO Automation Testing - Test is successful
2022-11-03 18:59:47,995 [main] INFO Automation Testing - Test has started
2022-11-03 18:59:55,497 [main] INFO Automation Testing - Test is successful
2022-11-03 18:59:56,117 [main] INFO Automation Testing - Test finished
2022-11-03 19:02:03,502 [TestNG-test=Chrome Test-1] INFO Automation Testing - Test has started
2022-11-03 19:02:11,598 [TestNG-test=Chrome Test-1] INFO Automation Testing - Test is successful
2022-11-03 19:02:11,605 [TestNG-test=Chrome Test-1] INFO Automation Testing - Test has started
2022-11-03 19:02:17,441 [TestNG-test=Chrome Test-1] INFO Automation Testing - Test is successful
2022-11-03 19:02:17,443 [TestNG-test=Chrome Test-1] INFO Automation Testing - Test has started
2022-11-03 19:02:28,085 [TestNG-test=Chrome Test-1] INFO Automation Testing - Test is successful
2022-11-03 19:02:28,089 [TestNG-test=Chrome Test-1] INFO Automation Testing - Test has started
2022-11-03 19:02:49,726 [TestNG-test=Chrome Test-1] INFO Automation Testing - Test is successful
2022-11-03 19:02:49,729 [TestNG-test=Chrome Test-1] INFO Automation Testing - Test has started
2022-11-03 19:02:55,994 [TestNG-test=Chrome Test-1] INFO Automation Testing - Test is successful
2022-11-03 19:02:55,997 [TestNG-test=Chrome Test-1] INFO Automation Testing - Test has started
2022-11-03 19:03:01,478 [TestNG-test=Chrome Test-1] INFO Automation Testing - Test is successful
2022-11-03 19:03:02,205 [main] INFO Automation Testing - Test finished
2022-11-03 19:03:02,263 [TestNG-test=Firefox Test-1] INFO Automation Testing - Test has started
2022-11-03 19:03:10,405 [TestNG-test=Firefox Test-1] INFO Automation Testing - Test is successful
2022-11-03 19:03:10,408 [TestNG-test=Firefox Test-1] INFO Automation Testing - Test has started
2022-11-03 19:03:18,800 [TestNG-test=Firefox Test-1] INFO Automation Testing - Test is successful
2022-11-03 19:03:18,802 [TestNG-test=Firefox Test-1] INFO Automation Testing - Test has started
2022-11-03 19:04:06,045 [TestNG-test=Firefox Test-1] INFO Automation Testing - Test is successful
2022-11-03 19:04:06,049 [TestNG-test=Firefox Test-1] INFO Automation Testing - Test has started
2022-11-03 19:04:10,942 [TestNG-test=Firefox Test-1] INFO Automation Testing - Test is successful
2022-11-03 19:04:10,945 [TestNG-test=Firefox Test-1] INFO Automation Testing - Test has started
2022-11-03 19:04:16,493 [TestNG-test=Firefox Test-1] INFO Automation Testing - Test is successful
2022-11-03 19:04:16,502 [TestNG-test=Firefox Test-1] INFO Automation Testing - Test has started
2022-11-03 19:04:21,618 [TestNG-test=Firefox Test-1] INFO Automation Testing - Test is successful
2022-11-03 19:04:21,662 [main] INFO Automation Testing - Test finished
2022-11-03 19:04:21,723 [TestNG-test=Edge Test-1] INFO Automation Testing - Test has started
2022-11-03 19:04:30,440 [TestNG-test=Edge Test-1] INFO Automation Testing - Test is successful
2022-11-03 19:04:30,443 [TestNG-test=Edge Test-1] INFO Automation Testing - Test has started
2022-11-03 19:04:41,296 [TestNG-test=Edge Test-1] INFO Automation Testing - Test is successful
2022-11-03 19:04:41,299 [TestNG-test=Edge Test-1] INFO Automation Testing - Test has started
2022-11-03 19:05:08,932 [TestNG-test=Edge Test-1] INFO Automation Testing - Test is successful
2022-11-03 19:05:08,935 [TestNG-test=Edge Test-1] INFO Automation Testing - Test has started
2022-11-03 19:05:13,982 [TestNG-test=Edge Test-1] INFO Automation Testing - Test is successful
2022-11-03 19:05:13,984 [TestNG-test=Edge Test-1] INFO Automation Testing - Test has started
2022-11-03 19:05:19,719 [TestNG-test=Edge Test-1] INFO Automation Testing - Test is successful
2022-11-03 19:05:19,724 [TestNG-test=Edge Test-1] INFO Automation Testing - Test has started
2022-11-03 19:05:51,945 [TestNG-test=Edge Test-1] INFO Automation Testing - Test is successful
2022-11-03 19:05:52,042 [main] INFO Automation Testing - Test finished
2022-11-09 15:55:43,879 [main] INFO Automation Testing - Test has started
2022-11-09 15:55:51,202 [main] INFO Automation Testing - Test is successful
2022-11-09 15:55:51,205 [main] INFO Automation Testing - Test has started
2022-11-09 15:55:54,651 [main] INFO Automation Testing - Test is successful
2022-11-09 15:55:54,655 [main] INFO Automation Testing - Test has started
2022-11-09 15:55:57,668 [main] INFO Automation Testing - Test is successful
2022-11-09 15:55:57,672 [main] INFO Automation Testing - Test has started
2022-11-09 15:56:01,141 [main] INFO Automation Testing - Test is successful
2022-11-09 15:56:01,144 [main] INFO Automation Testing - Test has started
2022-11-09 15:56:05,020 [main] INFO Automation Testing - Test is successful
2022-11-09 15:56:05,021 [main] INFO Automation Testing - Test has started
2022-11-09 15:56:09,858 [main] INFO Automation Testing - Test is successful
2022-11-09 15:56:10,474 [main] INFO Automation Testing - Test finished
